<?xml version="1.0" encoding="UTF-8" ?>
<testsuite tests="17" failures="0" name="applicationModel.TestFactory" time="0.008" errors="0" skipped="0">
  <properties>
[...]
</properties>
  <testcase classname="applicationModel.TestFactory" name="testMenuFactoryHasIniciallyTheCounterInZero" time="0"/>
  <testcase classname="applicationModel.TestFactory" name="theRestaurantFactoryIncreasesItsCodeByOneWhenItCreatesARestaurant" time="0"/>
  <testcase classname="applicationModel.TestFactory" name="theProductFactoryIncreasesItsCodeByOneWhenItCreatesAProduct" time="0"/>
  <testcase classname="applicationModel.TestFactory" name="testProductFactoryReturnsAConsistentProduct" time="0"/>
  <testcase classname="applicationModel.TestFactory" name="testOrderFactoryHasIniciallyTheCounterInOne" time="0"/>
  <testcase classname="applicationModel.TestFactory" name="testOrderFactoryReturnsAConsistentOrder" time="0"/>
  <testcase classname="applicationModel.TestFactory" name="testRestaurantFactoryReturnsAConsistentRestaurant" time="0"/>
  <testcase classname="applicationModel.TestFactory" name="theClientFactoryIncreasesItsCounterWhenItCreatesAnClientOrASupervisor" time="0.001"/>
  <testcase classname="applicationModel.TestFactory" name="testClientFactoryReturnsAConsistentSupervisor" time="0"/>
  <testcase classname="applicationModel.TestFactory" name="theOrderFactoryIncreasesItsCodeByOneWhenItCreatesAnOrder" time="0"/>
  <testcase classname="applicationModel.TestFactory" name="theClientFactoryIncreasesItsCodeByOneWhenItCreatesAnOrder" time="0"/>
  <testcase classname="applicationModel.TestFactory" name="testProductFactoryHasIniciallyTheCounterInZero" time="0"/>
  <testcase classname="applicationModel.TestFactory" name="theMenuFactoryIncreasesItsCodeByOneWhenItCreatesAMenu" time="0.006"/>
  <testcase classname="applicationModel.TestFactory" name="testMenuFactoryReturnsAConsistentMenu" time="0"/>
  <testcase classname="applicationModel.TestFactory" name="testRestaurantFactoryHasIniciallyTheCounterInZero" time="0.001"/>
  <testcase classname="applicationModel.TestFactory" name="testClientFactoryHasIniciallyTheCounterInZero" time="0"/>
  <testcase classname="applicationModel.TestFactory" name="testClientFactoryReturnsAConsistentClient" time="0"/>
</testsuite>