<?xml version="1.0" encoding="UTF-8" ?>
<testsuite tests="11" failures="0" name="user.TestUser" time="0.004" errors="0" skipped="0">
  <properties>
[...]
</properties>
  <testcase classname="user.TestUser" name="newClientId" time="0.003"/>
  <testcase classname="user.TestUser" name="newClientPassword" time="0"/>
  <testcase classname="user.TestUser" name="clientCanCreateOrdersAndSaveThem" time="0"/>
  <testcase classname="user.TestUser" name="newClientGeoLocation" time="0.001"/>
  <testcase classname="user.TestUser" name="newClientDirection" time="0"/>
  <testcase classname="user.TestUser" name="newClient" time="0"/>
  <testcase classname="user.TestUser" name="thePasswordIsCorrect" time="0"/>
  <testcase classname="user.TestUser" name="thePasswordIsNotCorrect" time="0"/>
  <testcase classname="user.TestUser" name="newClientApplicationModel" time="0"/>
  <testcase classname="user.TestUser" name="newClientCode" time="0"/>
  <testcase classname="user.TestUser" name="newClientDate" time="0"/>
</testsuite>