<?xml version="1.0" encoding="UTF-8" ?>
<testsuite tests="5" failures="0" name="productAndMenu.TestMenu" time="0.001" errors="0" skipped="0">
  <properties>
[...]
</properties>
  <testcase classname="productAndMenu.TestMenu" name="removeAProductOfAMenuThatHasOnlyOneAndCheckIfSizeIsAsEspected" time="0"/>
  <testcase classname="productAndMenu.TestMenu" name="AddTwoProductsWithDifferentPricesToAMenuAndCheckIfTheTotalValueOfMenuIsAsEspected" time="0.001"/>
  <testcase classname="productAndMenu.TestMenu" name="addANewProductToAnEmptyListAndCheckIfSizeIsAsEspected" time="0"/>
  <testcase classname="productAndMenu.TestMenu" name="checkThatIfThereIsNoDiscountAppliedToTheMenuItStillReturnsTheTotalValueWhenAskedForCostAutocalculation" time="0"/>
  <testcase classname="productAndMenu.TestMenu" name="CheckThatIfIHaveTwoOfTheSameProductsAndIRemoveOneOfThemTheSizeIsZero" time="0"/>
</testsuite>