<?xml version="1.0" encoding="UTF-8" ?>
<testsuite tests="28" failures="0" name="restaurant.TestRestaurant" time="0.011" errors="0" skipped="0">
  <properties>
[...]
</properties>
  <testcase classname="restaurant.TestRestaurant" name="restaurantCanCreateItsOwnProductsAndAddItToItsStock" time="0"/>
  <testcase classname="restaurant.TestRestaurant" name="supervisorCanAddAndPaymentMethodsInTheRestaurant" time="0"/>
  <testcase classname="restaurant.TestRestaurant" name="restaurantDeleteAProductFromItsStock" time="0"/>
  <testcase classname="restaurant.TestRestaurant" name="restaurantCanChangeItsSupervisor" time="0.001"/>
  <testcase classname="restaurant.TestRestaurant" name="supervisorCanRemoveAMenu" time="0"/>
  <testcase classname="restaurant.TestRestaurant" name="restaurantContainsASodaInItsStock" time="0"/>
  <testcase classname="restaurant.TestRestaurant" name="restaurantKnowIfAMenuIsNoRegistered" time="0.001"/>
  <testcase classname="restaurant.TestRestaurant" name="restaurantRemoveProductsInItsStock" time="0"/>
  <testcase classname="restaurant.TestRestaurant" name="restaurantDeleteAMenu" time="0"/>
  <testcase classname="restaurant.TestRestaurant" name="restaurantAddProductsInItsStock" time="0"/>
  <testcase classname="restaurant.TestRestaurant" name="restaurantWithoutEnabledMenusReturnAEmptyCollection" time="0.001"/>
  <testcase classname="restaurant.TestRestaurant" name="newRestaurantIsCreated" time="0.001"/>
  <testcase classname="restaurant.TestRestaurant" name="restaurantKnowIfAMenuIsRegistered" time="0"/>
  <testcase classname="restaurant.TestRestaurant" name="supervisorCanRemovePrductsFromStock" time="0"/>
  <testcase classname="restaurant.TestRestaurant" name="restaurantCanRemoveANewMenu" time="0"/>
  <testcase classname="restaurant.TestRestaurant" name="restaurantCanCreateItsOwnMenusAndAddIt" time="0"/>
  <testcase classname="restaurant.TestRestaurant" name="restaurantCanEditItsOwnProducts" time="0.006"/>
  <testcase classname="restaurant.TestRestaurant" name="restaurantCanCreateItsOwnMenuAndItIsConsist" time="0"/>
  <testcase classname="restaurant.TestRestaurant" name="supervisorCanAddAAMenu" time="0"/>
  <testcase classname="restaurant.TestRestaurant" name="restaurantCanCreateItsOwnProductsAndItIsConsist" time="0"/>
  <testcase classname="restaurant.TestRestaurant" name="restaurantCanAddANewPaymentMethod" time="0"/>
  <testcase classname="restaurant.TestRestaurant" name="restaurantCanAddANewMenu" time="0"/>
  <testcase classname="restaurant.TestRestaurant" name="restaurantNoContainsASodaInItsStock" time="0"/>
  <testcase classname="restaurant.TestRestaurant" name="restaurantCanRemoveANewPaymentMethod" time="0"/>
  <testcase classname="restaurant.TestRestaurant" name="restaurantWithEnabledMenusReturnTheCorrectCollection" time="0"/>
  <testcase classname="restaurant.TestRestaurant" name="restaurantReturnsTheCorrectMenuesByString" time="0"/>
  <testcase classname="restaurant.TestRestaurant" name="supervisorAddProductsInStock" time="0"/>
  <testcase classname="restaurant.TestRestaurant" name="restaurantCanEditItsOwnMenusAndItIsConsist" time="0.001"/>
</testsuite>